# JRE version: Java(TM) SE Runtime Environment (8.0_171-b11) (build 1.8.0_171-b11)
# Java VM: Java HotSpot(TM) 64-Bit Server VM (25.171-b11 mixed mode windows-amd64 compressed oops)
Heap:
 PSYoungGen      total 274432K, used 208643K [0x000000076b580000, 0x0000000783580000, 0x00000007c0000000)
  eden space 233472K, 71% used [0x000000076b580000,0x0000000775945f98,0x0000000779980000)
  from space 40960K, 99% used [0x0000000779980000,0x000000077c17ae98,0x000000077c180000)
  to   space 49664K, 0% used [0x0000000780500000,0x0000000780500000,0x0000000783580000)
 ParOldGen       total 133120K, used 70787K [0x00000006c2000000, 0x00000006ca200000, 0x000000076b580000)
  object space 133120K, 53% used [0x00000006c2000000,0x00000006c6520c20,0x00000006ca200000)
 Metaspace       used 32845K, capacity 33838K, committed 33920K, reserved 1079296K
  class space    used 3636K, capacity 3938K, committed 3968K, reserved 1048576K
GC Heap History (10 events):
Event: 10.091 GC heap before
{Heap before GC invocations=8 (full 1):
 PSYoungGen      total 150528K, used 16361K [0x000000076b580000, 0x000000077dd80000, 0x00000007c0000000)
  eden space 128512K, 0% used [0x000000076b580000,0x000000076b580000,0x0000000773300000)
  from space 22016K, 74% used [0x0000000773300000,0x00000007742fa590,0x0000000774880000)
  to   space 23040K, 0% used [0x000000077c700000,0x000000077c700000,0x000000077dd80000)
 ParOldGen       total 173568K, used 14568K [0x00000006c2000000, 0x00000006cc980000, 0x000000076b580000)
  object space 173568K, 8% used [0x00000006c2000000,0x00000006c2e3a338,0x00000006cc980000)
 Metaspace       used 20662K, capacity 21056K, committed 21248K, reserved 1069056K
  class space    used 2325K, capacity 2434K, committed 2560K, reserved 1048576K
Event: 10.268 GC heap after
Heap after GC invocations=8 (full 1):
 PSYoungGen      total 150528K, used 0K [0x000000076b580000, 0x000000077dd80000, 0x00000007c0000000)
  eden space 128512K, 0% used [0x000000076b580000,0x000000076b580000,0x0000000773300000)
  from space 22016K, 0% used [0x0000000773300000,0x0000000773300000,0x0000000774880000)
  to   space 23040K, 0% used [0x000000077c700000,0x000000077c700000,0x000000077dd80000)
 ParOldGen       total 133120K, used 27968K [0x00000006c2000000, 0x00000006ca200000, 0x000000076b580000)
  object space 133120K, 21% used [0x00000006c2000000,0x00000006c3b50158,0x00000006ca200000)
 Metaspace       used 20662K, capacity 21056K, committed 21248K, reserved 1069056K
  class space    used 2325K, capacity 2434K, committed 2560K, reserved 1048576K
}
Event: 12.691 GC heap before
{Heap before GC invocations=9 (full 1):
 PSYoungGen      total 150528K, used 128512K [0x000000076b580000, 0x000000077dd80000, 0x00000007c0000000)
  eden space 128512K, 100% used [0x000000076b580000,0x0000000773300000,0x0000000773300000)
  from space 22016K, 0% used [0x0000000773300000,0x0000000773300000,0x0000000774880000)
  to   space 23040K, 0% used [0x000000077c700000,0x000000077c700000,0x000000077dd80000)
 ParOldGen       total 133120K, used 27968K [0x00000006c2000000, 0x00000006ca200000, 0x000000076b580000)
  object space 133120K, 21% used [0x00000006c2000000,0x00000006c3b50158,0x00000006ca200000)
 Metaspace       used 24500K, capacity 24928K, committed 25216K, reserved 1071104K
  class space    used 2741K, capacity 2850K, committed 2944K, reserved 1048576K
Event: 12.712 GC heap after
Heap after GC invocations=9 (full 1):
 PSYoungGen      total 210944K, used 23033K [0x000000076b580000, 0x000000077dd80000, 0x00000007c0000000)
  eden space 187904K, 0% used [0x000000076b580000,0x000000076b580000,0x0000000776d00000)
  from space 23040K, 99% used [0x000000077c700000,0x000000077dd7e548,0x000000077dd80000)
  to   space 28672K, 0% used [0x000000077a580000,0x000000077a580000,0x000000077c180000)
 ParOldGen       total 133120K, used 33461K [0x00000006c2000000, 0x00000006ca200000, 0x000000076b580000)
  object space 133120K, 25% used [0x00000006c2000000,0x00000006c40ad538,0x00000006ca200000)
 Metaspace       used 24500K, capacity 24928K, committed 25216K, reserved 1071104K
  class space    used 2741K, capacity 2850K, committed 2944K, reserved 1048576K
}
Event: 16.691 GC heap before
{Heap before GC invocations=10 (full 1):
 PSYoungGen      total 210944K, used 210937K [0x000000076b580000, 0x000000077dd80000, 0x00000007c0000000)
  eden space 187904K, 100% used [0x000000076b580000,0x0000000776d00000,0x0000000776d00000)
  from space 23040K, 99% used [0x000000077c700000,0x000000077dd7e548,0x000000077dd80000)
  to   space 28672K, 0% used [0x000000077a580000,0x000000077a580000,0x000000077c180000)
 ParOldGen       total 133120K, used 33461K [0x00000006c2000000, 0x00000006ca200000, 0x000000076b580000)
  object space 133120K, 25% used [0x00000006c2000000,0x00000006c40ad538,0x00000006ca200000)
 Metaspace       used 28433K, capacity 29074K, committed 29184K, reserved 1075200K
  class space    used 3081K, capacity 3290K, committed 3328K, reserved 1048576K
Event: 16.725 GC heap after
Heap after GC invocations=10 (full 1):
 PSYoungGen      total 265728K, used 28659K [0x000000076b580000, 0x000000077e600000, 0x00000007c0000000)
  eden space 237056K, 0% used [0x000000076b580000,0x000000076b580000,0x0000000779d00000)
  from space 28672K, 99% used [0x000000077a580000,0x000000077c17cd80,0x000000077c180000)
  to   space 37376K, 0% used [0x000000077c180000,0x000000077c180000,0x000000077e600000)
 ParOldGen       total 133120K, used 45413K [0x00000006c2000000, 0x00000006ca200000, 0x000000076b580000)
  object space 133120K, 34% used [0x00000006c2000000,0x00000006c4c59778,0x00000006ca200000)
 Metaspace       used 28433K, capacity 29074K, committed 29184K, reserved 1075200K
  class space    used 3081K, capacity 3290K, committed 3328K, reserved 1048576K
}
Event: 23.039 GC heap before
{Heap before GC invocations=11 (full 1):
 PSYoungGen      total 265728K, used 265715K [0x000000076b580000, 0x000000077e600000, 0x00000007c0000000)
  eden space 237056K, 100% used [0x000000076b580000,0x0000000779d00000,0x0000000779d00000)
  from space 28672K, 99% used [0x000000077a580000,0x000000077c17cd80,0x000000077c180000)
  to   space 37376K, 0% used [0x000000077c180000,0x000000077c180000,0x000000077e600000)
 ParOldGen       total 133120K, used 45413K [0x00000006c2000000, 0x00000006ca200000, 0x000000076b580000)
  object space 133120K, 34% used [0x00000006c2000000,0x00000006c4c59778,0x00000006ca200000)
 Metaspace       used 31654K, capacity 32530K, committed 32768K, reserved 1079296K
  class space    used 3515K, capacity 3802K, committed 3840K, reserved 1048576K
Event: 23.079 GC heap after
Heap after GC invocations=11 (full 1):
 PSYoungGen      total 270848K, used 32363K [0x000000076b580000, 0x0000000782480000, 0x00000007c0000000)
  eden space 233472K, 0% used [0x000000076b580000,0x000000076b580000,0x0000000779980000)
  from space 37376K, 86% used [0x000000077c180000,0x000000077e11ad90,0x000000077e600000)
  to   space 40960K, 0% used [0x0000000779980000,0x0000000779980000,0x000000077c180000)
 ParOldGen       total 133120K, used 63423K [0x00000006c2000000, 0x00000006ca200000, 0x000000076b580000)
  object space 133120K, 47% used [0x00000006c2000000,0x00000006c5defe18,0x00000006ca200000)
 Metaspace       used 31654K, capacity 32530K, committed 32768K, reserved 1079296K
  class space    used 3515K, capacity 3802K, committed 3840K, reserved 1048576K
}
Event: 25.081 GC heap before
{Heap before GC invocations=12 (full 1):
 PSYoungGen      total 270848K, used 265835K [0x000000076b580000, 0x0000000782480000, 0x00000007c0000000)
  eden space 233472K, 100% used [0x000000076b580000,0x0000000779980000,0x0000000779980000)
  from space 37376K, 86% used [0x000000077c180000,0x000000077e11ad90,0x000000077e600000)
  to   space 40960K, 0% used [0x0000000779980000,0x0000000779980000,0x000000077c180000)
 ParOldGen       total 133120K, used 63423K [0x00000006c2000000, 0x00000006ca200000, 0x000000076b580000)
  object space 133120K, 47% used [0x00000006c2000000,0x00000006c5defe18,0x00000006ca200000)
 Metaspace       used 32311K, capacity 33294K, committed 33408K, reserved 1079296K
  class space    used 3600K, capacity 3906K, committed 3968K, reserved 1048576K
Event: 25.117 GC heap after
Heap after GC invocations=12 (full 1):
 PSYoungGen      total 274432K, used 40939K [0x000000076b580000, 0x0000000783580000, 0x00000007c0000000)
  eden space 233472K, 0% used [0x000000076b580000,0x000000076b580000,0x0000000779980000)
  from space 40960K, 99% used [0x0000000779980000,0x000000077c17ae98,0x000000077c180000)
  to   space 49664K, 0% used [0x0000000780500000,0x0000000780500000,0x0000000783580000)
 ParOldGen       total 133120K, used 70787K [0x00000006c2000000, 0x00000006ca200000, 0x000000076b580000)
  object space 133120K, 53% used [0x00000006c2000000,0x00000006c6520c20,0x00000006ca200000)
 Metaspace       used 32311K, capacity 33294K, committed 33408K, reserved 1079296K
  class space    used 3600K, capacity 3906K, committed 3968K, reserved 1048576K
}

